[INFO ] 2025-10-29 16:32:41.960 [main] GatewayApiApplication - Starting GatewayApiApplication using Java 25 with PID 12984 (F:\java\module7-GatewayAPI\target\classes started by user in F:\java\module7-GatewayAPI)
[INFO ] 2025-10-29 16:32:41.984 [main] GatewayApiApplication - No active profile set, falling back to 1 default profile: "default"
[INFO ] 2025-10-29 16:32:44.380 [main] TomcatWebServer - Tomcat initialized with port 8081 (http)
[INFO ] 2025-10-29 16:32:44.412 [main] Http11NioProtocol - Initializing ProtocolHandler ["http-nio-8081"]
[INFO ] 2025-10-29 16:32:44.417 [main] StandardService - Starting service [Tomcat]
[INFO ] 2025-10-29 16:32:44.418 [main] StandardEngine - Starting Servlet engine: [Apache Tomcat/10.1.48]
[INFO ] 2025-10-29 16:32:44.521 [main] [/] - Initializing Spring embedded WebApplicationContext
[INFO ] 2025-10-29 16:32:44.522 [main] ServletWebServerApplicationContext - Root WebApplicationContext: initialization completed in 2284 ms
[INFO ] 2025-10-29 16:32:45.349 [main] Http11NioProtocol - Starting ProtocolHandler ["http-nio-8081"]
[INFO ] 2025-10-29 16:32:45.395 [main] TomcatWebServer - Tomcat started on port 8081 (http) with context path '/'
[INFO ] 2025-10-29 16:32:45.415 [main] GatewayApiApplication - Started GatewayApiApplication in 4.213 seconds (process running for 5.702)
[INFO ] 2025-10-29 16:33:01.061 [http-nio-8081-exec-2] [/] - Initializing Spring DispatcherServlet 'dispatcherServlet'
[INFO ] 2025-10-29 16:33:01.064 [http-nio-8081-exec-2] DispatcherServlet - Initializing Servlet 'dispatcherServlet'
[INFO ] 2025-10-29 16:33:01.066 [http-nio-8081-exec-2] DispatcherServlet - Completed initialization in 2 ms
[INFO ] 2025-10-29 16:33:01.123 [http-nio-8081-exec-2] ApiGatewayController - Вызван метод getAllUsers
[INFO ] 2025-10-29 16:33:01.363 [http-nio-8081-exec-2] ApiGatewayController - Все пользователи успешно найдены
[INFO ] 2025-10-29 16:33:19.437 [http-nio-8081-exec-3] ApiGatewayController - Вызван метод createUser с параметром userDto = {"id":null,"name":"ivan","email":"ivan123@gmail.com","age":20}
[INFO ] 2025-10-29 16:33:19.719 [http-nio-8081-exec-3] ApiGatewayController - Пользователь успешно создан
[INFO ] 2025-10-29 16:33:30.803 [http-nio-8081-exec-4] ApiGatewayController - Вызван метод updateUser с параметрами id = 1, userDto = {"id":null,"name":"ivan","email":"ivan123new@gmail.com","age":10}
[WARN ] 2025-10-29 16:33:30.861 [http-nio-8081-exec-4] ApiGatewayController - Пользователь не обновлен из-за плохого запроса (не хватает данных либо они не удовлетворяют ограничениям)
[INFO ] 2025-10-29 16:33:41.291 [http-nio-8081-exec-6] ApiGatewayController - Вызван метод updateUser с параметрами id = 1, userDto = {"id":null,"name":"ivan","email":"ivan123new@gmail.com"}
[WARN ] 2025-10-29 16:33:41.302 [http-nio-8081-exec-6] ApiGatewayController - Пользователь не обновлен из-за плохого запроса (не хватает данных либо они не удовлетворяют ограничениям)
[INFO ] 2025-10-29 16:33:47.866 [http-nio-8081-exec-8] ApiGatewayController - Вызван метод updateUser с параметрами id = 6, userDto = {"id":null,"name":"ivan","email":"ivan123new@gmail.com","age":20}
[WARN ] 2025-10-29 16:33:47.901 [http-nio-8081-exec-8] ApiGatewayController - Не удалось обновить пользователя, так как он не найден
[INFO ] 2025-10-29 16:33:51.818 [http-nio-8081-exec-9] ApiGatewayController - Вызван метод updateUser с параметрами id = 1, userDto = {"id":null,"name":"ivan","email":"ivan123new@gmail.com","age":20}
[INFO ] 2025-10-29 16:33:51.858 [http-nio-8081-exec-9] ApiGatewayController - Пользователь успешно обновлен
[INFO ] 2025-10-29 16:33:57.888 [http-nio-8081-exec-10] ApiGatewayController - Вызван метод getUserById с параметром id = 1
[INFO ] 2025-10-29 16:33:57.915 [http-nio-8081-exec-10] ApiGatewayController - Пользователь успешно найден
[INFO ] 2025-10-29 16:34:04.795 [http-nio-8081-exec-1] ApiGatewayController - Вызван метод deleteUser с параметрами id = 1
[INFO ] 2025-10-29 16:34:04.822 [http-nio-8081-exec-1] ApiGatewayController - Пользователь успешно удален
[INFO ] 2025-10-29 16:34:08.088 [http-nio-8081-exec-2] ApiGatewayController - Вызван метод getAllUsers
[INFO ] 2025-10-29 16:34:08.099 [http-nio-8081-exec-2] ApiGatewayController - Все пользователи успешно найдены
[INFO ] 2025-10-29 16:34:12.830 [SpringApplicationShutdownHook] GracefulShutdown - Commencing graceful shutdown. Waiting for active requests to complete
[INFO ] 2025-10-29 16:34:12.837 [tomcat-shutdown] GracefulShutdown - Graceful shutdown complete
